Programa: main.cpp 
Fecha: 31/01/2025 12:01:13 p. m.
using ---- Indentificador
System ---- Indentificador
; ---- FinSentencia
using ---- Indentificador
System ---- Indentificador
. ---- Caracter
Collections ---- Indentificador
. ---- Caracter
Generic ---- Indentificador
; ---- FinSentencia
using ---- Indentificador
System ---- Indentificador
. ---- Caracter
Linq ---- Indentificador
; ---- FinSentencia
using ---- Indentificador
System ---- Indentificador
. ---- Caracter
Threading ---- Indentificador
. ---- Caracter
Tasks ---- Indentificador
; ---- FinSentencia
static ---- Indentificador
void ---- Indentificador
Main ---- Indentificador
( ---- Caracter
string ---- Indentificador
[ ---- Caracter
] ---- Caracter
args ---- Indentificador
) ---- Caracter
{ ---- InicioBloque
int ---- TipoDato
a ---- Indentificador
= ---- Asignacion
Console ---- Indentificador
. ---- Caracter
ReadLine ---- Indentificador
( ---- Caracter
